[debug] [2023-11-01T19:20:35.168Z] ----------------------------------------------------------------------
[debug] [2023-11-01T19:20:35.170Z] Command:       /home/gael-slave-knight/.nvm/versions/node/v18.18.2/bin/node /home/gael-slave-knight/.nvm/versions/node/v18.18.2/bin/firebase init hosting
[debug] [2023-11-01T19:20:35.171Z] CLI Version:   12.8.0
[debug] [2023-11-01T19:20:35.171Z] Platform:      linux
[debug] [2023-11-01T19:20:35.171Z] Node Version:  v18.18.2
[debug] [2023-11-01T19:20:35.172Z] Time:          Wed Nov 01 2023 19:20:35 GMT+0000 (Western European Standard Time)
[debug] [2023-11-01T19:20:35.172Z] ----------------------------------------------------------------------
[debug] 
[debug] [2023-11-01T19:20:35.279Z] > command requires scopes: ["email","openid","https://www.googleapis.com/auth/cloudplatformprojects.readonly","https://www.googleapis.com/auth/firebase","https://www.googleapis.com/auth/cloud-platform"]
[debug] [2023-11-01T19:20:35.280Z] > authorizing via signed-in user (davi.mirandagonc@gmail.com)
[info] 
     ######## #### ########  ######## ########     ###     ######  ########
     ##        ##  ##     ## ##       ##     ##  ##   ##  ##       ##
     ######    ##  ########  ######   ########  #########  ######  ######
     ##        ##  ##    ##  ##       ##     ## ##     ##       ## ##
     ##       #### ##     ## ######## ########  ##     ##  ######  ########

You're about to initialize a Firebase project in this directory:

  /home/gael-slave-knight/repo/mine/minas-tirith/front

Before we get started, keep in mind:

  * You are initializing within an existing Firebase project directory

[info] 
=== Project Setup
[info] 
[info] First, let's associate this project directory with a Firebase project.
[info] You can create multiple project aliases by running firebase use --add, 
[info] but for now we'll just set up a default project.
[info] 
[debug] [2023-11-01T19:20:35.286Z] Using project from CLI flag: dg-projetos
[debug] [2023-11-01T19:20:35.288Z] >>> [apiv2][query] GET https://firebase.googleapis.com/v1beta1/projects/dg-projetos [none]
[debug] [2023-11-01T19:20:35.811Z] <<< [apiv2][status] GET https://firebase.googleapis.com/v1beta1/projects/dg-projetos 200
[debug] [2023-11-01T19:20:35.812Z] <<< [apiv2][body] GET https://firebase.googleapis.com/v1beta1/projects/dg-projetos {"projectId":"dg-projetos","projectNumber":"960203147154","displayName":"dmg-projetos","name":"projects/dg-projetos","resources":{"hostingSite":"dg-projetos"},"state":"ACTIVE","etag":"1_920cb321-f471-45bd-9c5d-c6a98af1cf24"}
[info] i  Using project dg-projetos (dmg-projetos) 
[info] 
=== Hosting Setup
[info] 
[info] Your public directory is the folder (relative to your project directory) that
[info] will contain Hosting assets to be uploaded with firebase deploy. If you
[info] have a build process for your assets, use your build's output directory.
[info] 
